# JRE version: OpenJDK Runtime Environment Temurin-17.0.7+7 (17.0.7+7) (build 17.0.7+7)
# Java VM: OpenJDK 64-Bit Server VM Temurin-17.0.7+7 (17.0.7+7, mixed mode, tiered, compressed oops, compressed class ptrs, parallel gc, linux-amd64)
GC Precious Log:
 CPUs: 8 total, 8 available
 Memory: 7873M
 Large Page Support: Disabled
 NUMA Support: Disabled
 Compressed Oops: Enabled (32-bit)
 Alignments: Space 512K, Generation 512K, Heap 2M
 Heap Min Capacity: 100M
 Heap Initial Capacity: 100M
 Heap Max Capacity: 1G
 Pre-touch: Disabled
 Parallel Workers: 8
Heap:
 PSYoungGen      total 9216K, used 1506K [0x00000000eab00000, 0x00000000ebb80000, 0x0000000100000000)
  eden space 7680K, 0% used [0x00000000eab00000,0x00000000eab00000,0x00000000eb280000)
  from space 1536K, 98% used [0x00000000eb780000,0x00000000eb8f89c0,0x00000000eb900000)
  to   space 4608K, 0% used [0x00000000eb280000,0x00000000eb280000,0x00000000eb700000)
 ParOldGen       total 412672K, used 410857K [0x00000000c0000000, 0x00000000d9300000, 0x00000000eab00000)
  object space 412672K, 99% used [0x00000000c0000000,0x00000000d913a760,0x00000000d9300000)
 Metaspace       used 92988K, committed 94528K, reserved 1179648K
  class space    used 9688K, committed 10368K, reserved 1048576K
GC Heap History (20 events):
Event: 687.499 GC heap after
{Heap after GC invocations=470 (full 18):
 PSYoungGen      total 8704K, used 528K [0x00000000eab00000, 0x00000000eba00000, 0x0000000100000000)
  eden space 7680K, 0% used [0x00000000eab00000,0x00000000eab00000,0x00000000eb280000)
  from space 1024K, 51% used [0x00000000eb800000,0x00000000eb884200,0x00000000eb900000)
  to   space 1024K, 0% used [0x00000000eb900000,0x00000000eb900000,0x00000000eba00000)
 ParOldGen       total 412672K, used 405112K [0x00000000c0000000, 0x00000000d9300000, 0x00000000eab00000)
  object space 412672K, 98% used [0x00000000c0000000,0x00000000d8b9e008,0x00000000d9300000)
 Metaspace       used 90273K, committed 91648K, reserved 1179648K
  class space    used 9286K, committed 9856K, reserved 1048576K
}
Event: 687.529 GC heap before
{Heap before GC invocations=471 (full 18):
 PSYoungGen      total 8704K, used 8208K [0x00000000eab00000, 0x00000000eba00000, 0x0000000100000000)
  eden space 7680K, 100% used [0x00000000eab00000,0x00000000eb280000,0x00000000eb280000)
  from space 1024K, 51% used [0x00000000eb800000,0x00000000eb884200,0x00000000eb900000)
  to   space 1024K, 0% used [0x00000000eb900000,0x00000000eb900000,0x00000000eba00000)
 ParOldGen       total 412672K, used 405112K [0x00000000c0000000, 0x00000000d9300000, 0x00000000eab00000)
  object space 412672K, 98% used [0x00000000c0000000,0x00000000d8b9e008,0x00000000d9300000)
 Metaspace       used 90277K, committed 91648K, reserved 1179648K
  class space    used 9286K, committed 9856K, reserved 1048576K
}
Event: 687.531 GC heap after
{Heap after GC invocations=471 (full 18):
 PSYoungGen      total 8192K, used 288K [0x00000000eab00000, 0x00000000eb980000, 0x0000000100000000)
  eden space 7680K, 0% used [0x00000000eab00000,0x00000000eab00000,0x00000000eb280000)
  from space 512K, 56% used [0x00000000eb900000,0x00000000eb948000,0x00000000eb980000)
  to   space 512K, 0% used [0x00000000eb880000,0x00000000eb880000,0x00000000eb900000)
 ParOldGen       total 412672K, used 405224K [0x00000000c0000000, 0x00000000d9300000, 0x00000000eab00000)
  object space 412672K, 98% used [0x00000000c0000000,0x00000000d8bba008,0x00000000d9300000)
 Metaspace       used 90277K, committed 91648K, reserved 1179648K
  class space    used 9286K, committed 9856K, reserved 1048576K
}
Event: 687.878 GC heap before
{Heap before GC invocations=472 (full 18):
 PSYoungGen      total 8192K, used 7968K [0x00000000eab00000, 0x00000000eb980000, 0x0000000100000000)
  eden space 7680K, 100% used [0x00000000eab00000,0x00000000eb280000,0x00000000eb280000)
  from space 512K, 56% used [0x00000000eb900000,0x00000000eb948000,0x00000000eb980000)
  to   space 512K, 0% used [0x00000000eb880000,0x00000000eb880000,0x00000000eb900000)
 ParOldGen       total 412672K, used 405224K [0x00000000c0000000, 0x00000000d9300000, 0x00000000eab00000)
  object space 412672K, 98% used [0x00000000c0000000,0x00000000d8bba008,0x00000000d9300000)
 Metaspace       used 91298K, committed 92672K, reserved 1179648K
  class space    used 9398K, committed 9984K, reserved 1048576K
}
Event: 687.882 GC heap after
{Heap after GC invocations=472 (full 18):
 PSYoungGen      total 8192K, used 241K [0x00000000eab00000, 0x00000000eb980000, 0x0000000100000000)
  eden space 7680K, 0% used [0x00000000eab00000,0x00000000eab00000,0x00000000eb280000)
  from space 512K, 47% used [0x00000000eb880000,0x00000000eb8bc460,0x00000000eb900000)
  to   space 512K, 0% used [0x00000000eb900000,0x00000000eb900000,0x00000000eb980000)
 ParOldGen       total 412672K, used 405336K [0x00000000c0000000, 0x00000000d9300000, 0x00000000eab00000)
  object space 412672K, 98% used [0x00000000c0000000,0x00000000d8bd6008,0x00000000d9300000)
 Metaspace       used 91298K, committed 92672K, reserved 1179648K
  class space    used 9398K, committed 9984K, reserved 1048576K
}
Event: 687.974 GC heap before
{Heap before GC invocations=473 (full 18):
 PSYoungGen      total 8192K, used 7921K [0x00000000eab00000, 0x00000000eb980000, 0x0000000100000000)
  eden space 7680K, 100% used [0x00000000eab00000,0x00000000eb280000,0x00000000eb280000)
  from space 512K, 47% used [0x00000000eb880000,0x00000000eb8bc460,0x00000000eb900000)
  to   space 512K, 0% used [0x00000000eb900000,0x00000000eb900000,0x00000000eb980000)
 ParOldGen       total 412672K, used 405336K [0x00000000c0000000, 0x00000000d9300000, 0x00000000eab00000)
  object space 412672K, 98% used [0x00000000c0000000,0x00000000d8bd6008,0x00000000d9300000)
 Metaspace       used 92142K, committed 93568K, reserved 1179648K
  class space    used 9571K, committed 10176K, reserved 1048576K
}
Event: 687.978 GC heap after
{Heap after GC invocations=473 (full 18):
 PSYoungGen      total 8192K, used 256K [0x00000000eab00000, 0x00000000eb980000, 0x0000000100000000)
  eden space 7680K, 0% used [0x00000000eab00000,0x00000000eab00000,0x00000000eb280000)
  from space 512K, 50% used [0x00000000eb900000,0x00000000eb940020,0x00000000eb980000)
  to   space 512K, 0% used [0x00000000eb880000,0x00000000eb880000,0x00000000eb900000)
 ParOldGen       total 412672K, used 405510K [0x00000000c0000000, 0x00000000d9300000, 0x00000000eab00000)
  object space 412672K, 98% used [0x00000000c0000000,0x00000000d8c01a60,0x00000000d9300000)
 Metaspace       used 92142K, committed 93568K, reserved 1179648K
  class space    used 9571K, committed 10176K, reserved 1048576K
}
Event: 713.322 GC heap before
{Heap before GC invocations=474 (full 18):
 PSYoungGen      total 8192K, used 7936K [0x00000000eab00000, 0x00000000eb980000, 0x0000000100000000)
  eden space 7680K, 100% used [0x00000000eab00000,0x00000000eb280000,0x00000000eb280000)
  from space 512K, 50% used [0x00000000eb900000,0x00000000eb940020,0x00000000eb980000)
  to   space 512K, 0% used [0x00000000eb880000,0x00000000eb880000,0x00000000eb900000)
 ParOldGen       total 412672K, used 405510K [0x00000000c0000000, 0x00000000d9300000, 0x00000000eab00000)
  object space 412672K, 98% used [0x00000000c0000000,0x00000000d8c01a60,0x00000000d9300000)
 Metaspace       used 92974K, committed 94528K, reserved 1179648K
  class space    used 9688K, committed 10368K, reserved 1048576K
}
Event: 713.338 GC heap after
{Heap after GC invocations=474 (full 18):
 PSYoungGen      total 8192K, used 468K [0x00000000eab00000, 0x00000000eb980000, 0x0000000100000000)
  eden space 7680K, 0% used [0x00000000eab00000,0x00000000eab00000,0x00000000eb280000)
  from space 512K, 91% used [0x00000000eb880000,0x00000000eb8f5200,0x00000000eb900000)
  to   space 512K, 0% used [0x00000000eb900000,0x00000000eb900000,0x00000000eb980000)
 ParOldGen       total 412672K, used 405694K [0x00000000c0000000, 0x00000000d9300000, 0x00000000eab00000)
  object space 412672K, 98% used [0x00000000c0000000,0x00000000d8c2fab0,0x00000000d9300000)
 Metaspace       used 92974K, committed 94528K, reserved 1179648K
  class space    used 9688K, committed 10368K, reserved 1048576K
}
Event: 713.547 GC heap before
{Heap before GC invocations=475 (full 18):
 PSYoungGen      total 8192K, used 8111K [0x00000000eab00000, 0x00000000eb980000, 0x0000000100000000)
  eden space 7680K, 99% used [0x00000000eab00000,0x00000000eb276bc0,0x00000000eb280000)
  from space 512K, 91% used [0x00000000eb880000,0x00000000eb8f5200,0x00000000eb900000)
  to   space 512K, 0% used [0x00000000eb900000,0x00000000eb900000,0x00000000eb980000)
 ParOldGen       total 412672K, used 405694K [0x00000000c0000000, 0x00000000d9300000, 0x00000000eab00000)
  object space 412672K, 98% used [0x00000000c0000000,0x00000000d8c2fab0,0x00000000d9300000)
 Metaspace       used 92977K, committed 94528K, reserved 1179648K
  class space    used 9688K, committed 10368K, reserved 1048576K
}
Event: 713.552 GC heap after
{Heap after GC invocations=475 (full 18):
 PSYoungGen      total 8192K, used 494K [0x00000000eab00000, 0x00000000eb980000, 0x0000000100000000)
  eden space 7680K, 0% used [0x00000000eab00000,0x00000000eab00000,0x00000000eb280000)
  from space 512K, 96% used [0x00000000eb900000,0x00000000eb97bb00,0x00000000eb980000)
  to   space 1536K, 0% used [0x00000000eb680000,0x00000000eb680000,0x00000000eb800000)
 ParOldGen       total 412672K, used 406539K [0x00000000c0000000, 0x00000000d9300000, 0x00000000eab00000)
  object space 412672K, 98% used [0x00000000c0000000,0x00000000d8d02d00,0x00000000d9300000)
 Metaspace       used 92977K, committed 94528K, reserved 1179648K
  class space    used 9688K, committed 10368K, reserved 1048576K
}
Event: 713.598 GC heap before
{Heap before GC invocations=476 (full 18):
 PSYoungGen      total 8192K, used 8174K [0x00000000eab00000, 0x00000000eb980000, 0x0000000100000000)
  eden space 7680K, 100% used [0x00000000eab00000,0x00000000eb280000,0x00000000eb280000)
  from space 512K, 96% used [0x00000000eb900000,0x00000000eb97bb00,0x00000000eb980000)
  to   space 1536K, 0% used [0x00000000eb680000,0x00000000eb680000,0x00000000eb800000)
 ParOldGen       total 412672K, used 406539K [0x00000000c0000000, 0x00000000d9300000, 0x00000000eab00000)
  object space 412672K, 98% used [0x00000000c0000000,0x00000000d8d02d00,0x00000000d9300000)
 Metaspace       used 92979K, committed 94528K, reserved 1179648K
  class space    used 9688K, committed 10368K, reserved 1048576K
}
Event: 713.603 GC heap after
{Heap after GC invocations=476 (full 18):
 PSYoungGen      total 9216K, used 730K [0x00000000eab00000, 0x00000000eb980000, 0x0000000100000000)
  eden space 7680K, 0% used [0x00000000eab00000,0x00000000eab00000,0x00000000eb280000)
  from space 1536K, 47% used [0x00000000eb680000,0x00000000eb736900,0x00000000eb800000)
  to   space 1024K, 0% used [0x00000000eb880000,0x00000000eb880000,0x00000000eb980000)
 ParOldGen       total 412672K, used 407007K [0x00000000c0000000, 0x00000000d9300000, 0x00000000eab00000)
  object space 412672K, 98% used [0x00000000c0000000,0x00000000d8d77f00,0x00000000d9300000)
 Metaspace       used 92979K, committed 94528K, reserved 1179648K
  class space    used 9688K, committed 10368K, reserved 1048576K
}
Event: 713.716 GC heap before
{Heap before GC invocations=477 (full 18):
 PSYoungGen      total 9216K, used 8410K [0x00000000eab00000, 0x00000000eb980000, 0x0000000100000000)
  eden space 7680K, 100% used [0x00000000eab00000,0x00000000eb280000,0x00000000eb280000)
  from space 1536K, 47% used [0x00000000eb680000,0x00000000eb736900,0x00000000eb800000)
  to   space 1024K, 0% used [0x00000000eb880000,0x00000000eb880000,0x00000000eb980000)
 ParOldGen       total 412672K, used 407007K [0x00000000c0000000, 0x00000000d9300000, 0x00000000eab00000)
  object space 412672K, 98% used [0x00000000c0000000,0x00000000d8d77f00,0x00000000d9300000)
 Metaspace       used 92981K, committed 94528K, reserved 1179648K
  class space    used 9688K, committed 10368K, reserved 1048576K
}
Event: 713.727 GC heap after
{Heap after GC invocations=477 (full 18):
 PSYoungGen      total 8704K, used 1012K [0x00000000eab00000, 0x00000000eb980000, 0x0000000100000000)
  eden space 7680K, 0% used [0x00000000eab00000,0x00000000eab00000,0x00000000eb280000)
  from space 1024K, 98% used [0x00000000eb880000,0x00000000eb97d220,0x00000000eb980000)
  to   space 2048K, 0% used [0x00000000eb580000,0x00000000eb580000,0x00000000eb780000)
 ParOldGen       total 412672K, used 407732K [0x00000000c0000000, 0x00000000d9300000, 0x00000000eab00000)
  object space 412672K, 98% used [0x00000000c0000000,0x00000000d8e2d100,0x00000000d9300000)
 Metaspace       used 92981K, committed 94528K, reserved 1179648K
  class space    used 9688K, committed 10368K, reserved 1048576K
}
Event: 713.919 GC heap before
{Heap before GC invocations=478 (full 18):
 PSYoungGen      total 8704K, used 8690K [0x00000000eab00000, 0x00000000eb980000, 0x0000000100000000)
  eden space 7680K, 99% used [0x00000000eab00000,0x00000000eb27f940,0x00000000eb280000)
  from space 1024K, 98% used [0x00000000eb880000,0x00000000eb97d220,0x00000000eb980000)
  to   space 2048K, 0% used [0x00000000eb580000,0x00000000eb580000,0x00000000eb780000)
 ParOldGen       total 412672K, used 407732K [0x00000000c0000000, 0x00000000d9300000, 0x00000000eab00000)
  object space 412672K, 98% used [0x00000000c0000000,0x00000000d8e2d100,0x00000000d9300000)
 Metaspace       used 92985K, committed 94528K, reserved 1179648K
  class space    used 9688K, committed 10368K, reserved 1048576K
}
Event: 713.940 GC heap after
{Heap after GC invocations=478 (full 18):
 PSYoungGen      total 9728K, used 1044K [0x00000000eab00000, 0x00000000eb900000, 0x0000000100000000)
  eden space 7680K, 0% used [0x00000000eab00000,0x00000000eab00000,0x00000000eb280000)
  from space 2048K, 51% used [0x00000000eb580000,0x00000000eb685200,0x00000000eb780000)
  to   space 1536K, 0% used [0x00000000eb780000,0x00000000eb780000,0x00000000eb900000)
 ParOldGen       total 412672K, used 408701K [0x00000000c0000000, 0x00000000d9300000, 0x00000000eab00000)
  object space 412672K, 99% used [0x00000000c0000000,0x00000000d8f1f560,0x00000000d9300000)
 Metaspace       used 92985K, committed 94528K, reserved 1179648K
  class space    used 9688K, committed 10368K, reserved 1048576K
}
Event: 713.986 GC heap before
{Heap before GC invocations=479 (full 18):
 PSYoungGen      total 9728K, used 8724K [0x00000000eab00000, 0x00000000eb900000, 0x0000000100000000)
  eden space 7680K, 100% used [0x00000000eab00000,0x00000000eb280000,0x00000000eb280000)
  from space 2048K, 51% used [0x00000000eb580000,0x00000000eb685200,0x00000000eb780000)
  to   space 1536K, 0% used [0x00000000eb780000,0x00000000eb780000,0x00000000eb900000)
 ParOldGen       total 412672K, used 408701K [0x00000000c0000000, 0x00000000d9300000, 0x00000000eab00000)
  object space 412672K, 99% used [0x00000000c0000000,0x00000000d8f1f560,0x00000000d9300000)
 Metaspace       used 92988K, committed 94528K, reserved 1179648K
  class space    used 9688K, committed 10368K, reserved 1048576K
}
Event: 714.004 GC heap after
{Heap after GC invocations=479 (full 18):
 PSYoungGen      total 9216K, used 1506K [0x00000000eab00000, 0x00000000ebb80000, 0x0000000100000000)
  eden space 7680K, 0% used [0x00000000eab00000,0x00000000eab00000,0x00000000eb280000)
  from space 1536K, 98% used [0x00000000eb780000,0x00000000eb8f89c0,0x00000000eb900000)
  to   space 4608K, 0% used [0x00000000eb280000,0x00000000eb280000,0x00000000eb700000)
 ParOldGen       total 412672K, used 410857K [0x00000000c0000000, 0x00000000d9300000, 0x00000000eab00000)
  object space 412672K, 99% used [0x00000000c0000000,0x00000000d913a760,0x00000000d9300000)
 Metaspace       used 92988K, committed 94528K, reserved 1179648K
  class space    used 9688K, committed 10368K, reserved 1048576K
}
Event: 714.004 GC heap before
{Heap before GC invocations=480 (full 19):
 PSYoungGen      total 9216K, used 1506K [0x00000000eab00000, 0x00000000ebb80000, 0x0000000100000000)
  eden space 7680K, 0% used [0x00000000eab00000,0x00000000eab00000,0x00000000eb280000)
  from space 1536K, 98% used [0x00000000eb780000,0x00000000eb8f89c0,0x00000000eb900000)
  to   space 4608K, 0% used [0x00000000eb280000,0x00000000eb280000,0x00000000eb700000)
 ParOldGen       total 412672K, used 410857K [0x00000000c0000000, 0x00000000d9300000, 0x00000000eab00000)
  object space 412672K, 99% used [0x00000000c0000000,0x00000000d913a760,0x00000000d9300000)
 Metaspace       used 92988K, committed 94528K, reserved 1179648K
  class space    used 9688K, committed 10368K, reserved 1048576K
}

