# JRE version: OpenJDK Runtime Environment Temurin-17.0.7+7 (17.0.7+7) (build 17.0.7+7)
# Java VM: OpenJDK 64-Bit Server VM Temurin-17.0.7+7 (17.0.7+7, mixed mode, tiered, compressed oops, compressed class ptrs, parallel gc, linux-amd64)
GC Precious Log:
 CPUs: 8 total, 8 available
 Memory: 7873M
 Large Page Support: Disabled
 NUMA Support: Disabled
 Compressed Oops: Enabled (32-bit)
 Alignments: Space 512K, Generation 512K, Heap 2M
 Heap Min Capacity: 100M
 Heap Initial Capacity: 100M
 Heap Max Capacity: 1G
 Pre-touch: Disabled
 Parallel Workers: 8
Heap:
 PSYoungGen      total 55808K, used 14824K [0x00000000eab00000, 0x00000000f1200000, 0x0000000100000000)
  eden space 40960K, 0% used [0x00000000eab00000,0x00000000eab00000,0x00000000ed300000)
  from space 14848K, 99% used [0x00000000eee00000,0x00000000efc7a290,0x00000000efc80000)
  to   space 27648K, 0% used [0x00000000ed300000,0x00000000ed300000,0x00000000eee00000)
 ParOldGen       total 488960K, used 485202K [0x00000000c0000000, 0x00000000ddd80000, 0x00000000eab00000)
  object space 488960K, 99% used [0x00000000c0000000,0x00000000dd9d4bd0,0x00000000ddd80000)
 Metaspace       used 77816K, committed 79040K, reserved 1179648K
  class space    used 8123K, committed 8640K, reserved 1048576K
GC Heap History (20 events):
Event: 171.698 GC heap after
{Heap after GC invocations=230 (full 16):
 PSYoungGen      total 61440K, used 16074K [0x00000000eab00000, 0x00000000ef900000, 0x0000000100000000)
  eden space 45056K, 0% used [0x00000000eab00000,0x00000000eab00000,0x00000000ed700000)
  from space 16384K, 98% used [0x00000000edb80000,0x00000000eeb32918,0x00000000eeb80000)
  to   space 13824K, 0% used [0x00000000eeb80000,0x00000000eeb80000,0x00000000ef900000)
 ParOldGen       total 488960K, used 438962K [0x00000000c0000000, 0x00000000ddd80000, 0x00000000eab00000)
  object space 488960K, 89% used [0x00000000c0000000,0x00000000dacacac0,0x00000000ddd80000)
 Metaspace       used 76028K, committed 77184K, reserved 1179648K
  class space    used 7991K, committed 8448K, reserved 1048576K
}
Event: 177.672 GC heap before
{Heap before GC invocations=231 (full 16):
 PSYoungGen      total 61440K, used 61130K [0x00000000eab00000, 0x00000000ef900000, 0x0000000100000000)
  eden space 45056K, 100% used [0x00000000eab00000,0x00000000ed700000,0x00000000ed700000)
  from space 16384K, 98% used [0x00000000edb80000,0x00000000eeb32918,0x00000000eeb80000)
  to   space 13824K, 0% used [0x00000000eeb80000,0x00000000eeb80000,0x00000000ef900000)
 ParOldGen       total 488960K, used 438962K [0x00000000c0000000, 0x00000000ddd80000, 0x00000000eab00000)
  object space 488960K, 89% used [0x00000000c0000000,0x00000000dacacac0,0x00000000ddd80000)
 Metaspace       used 76197K, committed 77312K, reserved 1179648K
  class space    used 7992K, committed 8448K, reserved 1048576K
}
Event: 177.709 GC heap after
{Heap after GC invocations=231 (full 16):
 PSYoungGen      total 56320K, used 13823K [0x00000000eab00000, 0x00000000f0800000, 0x0000000100000000)
  eden space 42496K, 0% used [0x00000000eab00000,0x00000000eab00000,0x00000000ed480000)
  from space 13824K, 99% used [0x00000000eeb80000,0x00000000ef8ffc68,0x00000000ef900000)
  to   space 23552K, 0% used [0x00000000ed480000,0x00000000ed480000,0x00000000eeb80000)
 ParOldGen       total 488960K, used 447282K [0x00000000c0000000, 0x00000000ddd80000, 0x00000000eab00000)
  object space 488960K, 91% used [0x00000000c0000000,0x00000000db4ccb08,0x00000000ddd80000)
 Metaspace       used 76197K, committed 77312K, reserved 1179648K
  class space    used 7992K, committed 8448K, reserved 1048576K
}
Event: 178.542 GC heap before
{Heap before GC invocations=232 (full 16):
 PSYoungGen      total 56320K, used 56319K [0x00000000eab00000, 0x00000000f0800000, 0x0000000100000000)
  eden space 42496K, 100% used [0x00000000eab00000,0x00000000ed480000,0x00000000ed480000)
  from space 13824K, 99% used [0x00000000eeb80000,0x00000000ef8ffc68,0x00000000ef900000)
  to   space 23552K, 0% used [0x00000000ed480000,0x00000000ed480000,0x00000000eeb80000)
 ParOldGen       total 488960K, used 447282K [0x00000000c0000000, 0x00000000ddd80000, 0x00000000eab00000)
  object space 488960K, 91% used [0x00000000c0000000,0x00000000db4ccb08,0x00000000ddd80000)
 Metaspace       used 76332K, committed 77504K, reserved 1179648K
  class space    used 7992K, committed 8448K, reserved 1048576K
}
Event: 178.573 GC heap after
{Heap after GC invocations=232 (full 16):
 PSYoungGen      total 46080K, used 3191K [0x00000000eab00000, 0x00000000eec00000, 0x0000000100000000)
  eden space 42496K, 0% used [0x00000000eab00000,0x00000000eab00000,0x00000000ed480000)
  from space 3584K, 89% used [0x00000000ed480000,0x00000000ed79df20,0x00000000ed800000)
  to   space 10240K, 0% used [0x00000000ee200000,0x00000000ee200000,0x00000000eec00000)
 ParOldGen       total 488960K, used 459999K [0x00000000c0000000, 0x00000000ddd80000, 0x00000000eab00000)
  object space 488960K, 94% used [0x00000000c0000000,0x00000000dc137ee0,0x00000000ddd80000)
 Metaspace       used 76332K, committed 77504K, reserved 1179648K
  class space    used 7992K, committed 8448K, reserved 1048576K
}
Event: 186.239 GC heap before
{Heap before GC invocations=233 (full 16):
 PSYoungGen      total 46080K, used 45687K [0x00000000eab00000, 0x00000000eec00000, 0x0000000100000000)
  eden space 42496K, 100% used [0x00000000eab00000,0x00000000ed480000,0x00000000ed480000)
  from space 3584K, 89% used [0x00000000ed480000,0x00000000ed79df20,0x00000000ed800000)
  to   space 10240K, 0% used [0x00000000ee200000,0x00000000ee200000,0x00000000eec00000)
 ParOldGen       total 488960K, used 459999K [0x00000000c0000000, 0x00000000ddd80000, 0x00000000eab00000)
  object space 488960K, 94% used [0x00000000c0000000,0x00000000dc137ee0,0x00000000ddd80000)
 Metaspace       used 76445K, committed 77568K, reserved 1179648K
  class space    used 7992K, committed 8448K, reserved 1048576K
}
Event: 186.244 GC heap after
{Heap after GC invocations=233 (full 16):
 PSYoungGen      total 52736K, used 8027K [0x00000000eab00000, 0x00000000eea00000, 0x0000000100000000)
  eden space 44544K, 0% used [0x00000000eab00000,0x00000000eab00000,0x00000000ed680000)
  from space 8192K, 97% used [0x00000000ee200000,0x00000000ee9d6de0,0x00000000eea00000)
  to   space 9216K, 0% used [0x00000000ed800000,0x00000000ed800000,0x00000000ee100000)
 ParOldGen       total 488960K, used 459999K [0x00000000c0000000, 0x00000000ddd80000, 0x00000000eab00000)
  object space 488960K, 94% used [0x00000000c0000000,0x00000000dc137ee0,0x00000000ddd80000)
 Metaspace       used 76445K, committed 77568K, reserved 1179648K
  class space    used 7992K, committed 8448K, reserved 1048576K
}
Event: 189.428 GC heap before
{Heap before GC invocations=234 (full 16):
 PSYoungGen      total 52736K, used 52571K [0x00000000eab00000, 0x00000000eea00000, 0x0000000100000000)
  eden space 44544K, 99% used [0x00000000eab00000,0x00000000ed67ffa8,0x00000000ed680000)
  from space 8192K, 97% used [0x00000000ee200000,0x00000000ee9d6de0,0x00000000eea00000)
  to   space 9216K, 0% used [0x00000000ed800000,0x00000000ed800000,0x00000000ee100000)
 ParOldGen       total 488960K, used 459999K [0x00000000c0000000, 0x00000000ddd80000, 0x00000000eab00000)
  object space 488960K, 94% used [0x00000000c0000000,0x00000000dc137ee0,0x00000000ddd80000)
 Metaspace       used 76674K, committed 77824K, reserved 1179648K
  class space    used 7992K, committed 8448K, reserved 1048576K
}
Event: 189.436 GC heap after
{Heap after GC invocations=234 (full 16):
 PSYoungGen      total 54272K, used 7748K [0x00000000eab00000, 0x00000000ee880000, 0x0000000100000000)
  eden space 46080K, 0% used [0x00000000eab00000,0x00000000eab00000,0x00000000ed800000)
  from space 8192K, 94% used [0x00000000ed800000,0x00000000edf91050,0x00000000ee000000)
  to   space 8192K, 0% used [0x00000000ee080000,0x00000000ee080000,0x00000000ee880000)
 ParOldGen       total 488960K, used 460007K [0x00000000c0000000, 0x00000000ddd80000, 0x00000000eab00000)
  object space 488960K, 94% used [0x00000000c0000000,0x00000000dc139ee0,0x00000000ddd80000)
 Metaspace       used 76674K, committed 77824K, reserved 1179648K
  class space    used 7992K, committed 8448K, reserved 1048576K
}
Event: 191.794 GC heap before
{Heap before GC invocations=235 (full 16):
 PSYoungGen      total 54272K, used 53828K [0x00000000eab00000, 0x00000000ee880000, 0x0000000100000000)
  eden space 46080K, 100% used [0x00000000eab00000,0x00000000ed800000,0x00000000ed800000)
  from space 8192K, 94% used [0x00000000ed800000,0x00000000edf91050,0x00000000ee000000)
  to   space 8192K, 0% used [0x00000000ee080000,0x00000000ee080000,0x00000000ee880000)
 ParOldGen       total 488960K, used 460007K [0x00000000c0000000, 0x00000000ddd80000, 0x00000000eab00000)
  object space 488960K, 94% used [0x00000000c0000000,0x00000000dc139ee0,0x00000000ddd80000)
 Metaspace       used 76995K, committed 78208K, reserved 1179648K
  class space    used 8029K, committed 8512K, reserved 1048576K
}
Event: 191.801 GC heap after
{Heap after GC invocations=235 (full 16):
 PSYoungGen      total 54272K, used 8163K [0x00000000eab00000, 0x00000000eea80000, 0x0000000100000000)
  eden space 46080K, 0% used [0x00000000eab00000,0x00000000eab00000,0x00000000ed800000)
  from space 8192K, 99% used [0x00000000ee080000,0x00000000ee878fd0,0x00000000ee880000)
  to   space 8704K, 0% used [0x00000000ed800000,0x00000000ed800000,0x00000000ee080000)
 ParOldGen       total 488960K, used 460071K [0x00000000c0000000, 0x00000000ddd80000, 0x00000000eab00000)
  object space 488960K, 94% used [0x00000000c0000000,0x00000000dc149ee0,0x00000000ddd80000)
 Metaspace       used 76995K, committed 78208K, reserved 1179648K
  class space    used 8029K, committed 8512K, reserved 1048576K
}
Event: 198.770 GC heap before
{Heap before GC invocations=236 (full 16):
 PSYoungGen      total 54272K, used 54243K [0x00000000eab00000, 0x00000000eea80000, 0x0000000100000000)
  eden space 46080K, 100% used [0x00000000eab00000,0x00000000ed800000,0x00000000ed800000)
  from space 8192K, 99% used [0x00000000ee080000,0x00000000ee878fd0,0x00000000ee880000)
  to   space 8704K, 0% used [0x00000000ed800000,0x00000000ed800000,0x00000000ee080000)
 ParOldGen       total 488960K, used 460071K [0x00000000c0000000, 0x00000000ddd80000, 0x00000000eab00000)
  object space 488960K, 94% used [0x00000000c0000000,0x00000000dc149ee0,0x00000000ddd80000)
 Metaspace       used 77349K, committed 78592K, reserved 1179648K
  class space    used 8072K, committed 8576K, reserved 1048576K
}
Event: 198.797 GC heap after
{Heap after GC invocations=236 (full 16):
 PSYoungGen      total 54784K, used 8678K [0x00000000eab00000, 0x00000000f0780000, 0x0000000100000000)
  eden space 46080K, 0% used [0x00000000eab00000,0x00000000eab00000,0x00000000ed800000)
  from space 8704K, 99% used [0x00000000ed800000,0x00000000ee0799a0,0x00000000ee080000)
  to   space 23552K, 0% used [0x00000000ef080000,0x00000000ef080000,0x00000000f0780000)
 ParOldGen       total 488960K, used 472364K [0x00000000c0000000, 0x00000000ddd80000, 0x00000000eab00000)
  object space 488960K, 96% used [0x00000000c0000000,0x00000000dcd4b090,0x00000000ddd80000)
 Metaspace       used 77349K, committed 78592K, reserved 1179648K
  class space    used 8072K, committed 8576K, reserved 1048576K
}
Event: 211.536 GC heap before
{Heap before GC invocations=237 (full 16):
 PSYoungGen      total 54784K, used 54649K [0x00000000eab00000, 0x00000000f0780000, 0x0000000100000000)
  eden space 46080K, 99% used [0x00000000eab00000,0x00000000ed7e4c88,0x00000000ed800000)
  from space 8704K, 99% used [0x00000000ed800000,0x00000000ee0799a0,0x00000000ee080000)
  to   space 23552K, 0% used [0x00000000ef080000,0x00000000ef080000,0x00000000f0780000)
 ParOldGen       total 488960K, used 472364K [0x00000000c0000000, 0x00000000ddd80000, 0x00000000eab00000)
  object space 488960K, 96% used [0x00000000c0000000,0x00000000dcd4b090,0x00000000ddd80000)
 Metaspace       used 77462K, committed 78720K, reserved 1179648K
  class space    used 8082K, committed 8576K, reserved 1048576K
}
Event: 211.560 GC heap after
{Heap after GC invocations=237 (full 16):
 PSYoungGen      total 64512K, used 16999K [0x00000000eab00000, 0x00000000f0180000, 0x0000000100000000)
  eden space 47104K, 0% used [0x00000000eab00000,0x00000000eab00000,0x00000000ed900000)
  from space 17408K, 97% used [0x00000000ef080000,0x00000000f0119fc0,0x00000000f0180000)
  to   space 18432K, 0% used [0x00000000edd80000,0x00000000edd80000,0x00000000eef80000)
 ParOldGen       total 488960K, used 474250K [0x00000000c0000000, 0x00000000ddd80000, 0x00000000eab00000)
  object space 488960K, 96% used [0x00000000c0000000,0x00000000dcf228e8,0x00000000ddd80000)
 Metaspace       used 77462K, committed 78720K, reserved 1179648K
  class space    used 8082K, committed 8576K, reserved 1048576K
}
Event: 212.070 GC heap before
{Heap before GC invocations=238 (full 16):
 PSYoungGen      total 64512K, used 64103K [0x00000000eab00000, 0x00000000f0180000, 0x0000000100000000)
  eden space 47104K, 100% used [0x00000000eab00000,0x00000000ed900000,0x00000000ed900000)
  from space 17408K, 97% used [0x00000000ef080000,0x00000000f0119fc0,0x00000000f0180000)
  to   space 18432K, 0% used [0x00000000edd80000,0x00000000edd80000,0x00000000eef80000)
 ParOldGen       total 488960K, used 474250K [0x00000000c0000000, 0x00000000ddd80000, 0x00000000eab00000)
  object space 488960K, 96% used [0x00000000c0000000,0x00000000dcf228e8,0x00000000ddd80000)
 Metaspace       used 77800K, committed 79040K, reserved 1179648K
  class space    used 8123K, committed 8640K, reserved 1048576K
}
Event: 212.090 GC heap after
{Heap after GC invocations=238 (full 16):
 PSYoungGen      total 65536K, used 16711K [0x00000000eab00000, 0x00000000efc80000, 0x0000000100000000)
  eden space 48640K, 0% used [0x00000000eab00000,0x00000000eab00000,0x00000000eda80000)
  from space 16896K, 98% used [0x00000000edd80000,0x00000000eedd1f30,0x00000000eee00000)
  to   space 14848K, 0% used [0x00000000eee00000,0x00000000eee00000,0x00000000efc80000)
 ParOldGen       total 488960K, used 474258K [0x00000000c0000000, 0x00000000ddd80000, 0x00000000eab00000)
  object space 488960K, 96% used [0x00000000c0000000,0x00000000dcf248e8,0x00000000ddd80000)
 Metaspace       used 77800K, committed 79040K, reserved 1179648K
  class space    used 8123K, committed 8640K, reserved 1048576K
}
Event: 213.608 GC heap before
{Heap before GC invocations=239 (full 16):
 PSYoungGen      total 65536K, used 65351K [0x00000000eab00000, 0x00000000efc80000, 0x0000000100000000)
  eden space 48640K, 100% used [0x00000000eab00000,0x00000000eda80000,0x00000000eda80000)
  from space 16896K, 98% used [0x00000000edd80000,0x00000000eedd1f30,0x00000000eee00000)
  to   space 14848K, 0% used [0x00000000eee00000,0x00000000eee00000,0x00000000efc80000)
 ParOldGen       total 488960K, used 474258K [0x00000000c0000000, 0x00000000ddd80000, 0x00000000eab00000)
  object space 488960K, 96% used [0x00000000c0000000,0x00000000dcf248e8,0x00000000ddd80000)
 Metaspace       used 77816K, committed 79040K, reserved 1179648K
  class space    used 8123K, committed 8640K, reserved 1048576K
}
Event: 213.639 GC heap after
{Heap after GC invocations=239 (full 16):
 PSYoungGen      total 55808K, used 14824K [0x00000000eab00000, 0x00000000f1200000, 0x0000000100000000)
  eden space 40960K, 0% used [0x00000000eab00000,0x00000000eab00000,0x00000000ed300000)
  from space 14848K, 99% used [0x00000000eee00000,0x00000000efc7a290,0x00000000efc80000)
  to   space 27648K, 0% used [0x00000000ed300000,0x00000000ed300000,0x00000000eee00000)
 ParOldGen       total 488960K, used 485202K [0x00000000c0000000, 0x00000000ddd80000, 0x00000000eab00000)
  object space 488960K, 99% used [0x00000000c0000000,0x00000000dd9d4bd0,0x00000000ddd80000)
 Metaspace       used 77816K, committed 79040K, reserved 1179648K
  class space    used 8123K, committed 8640K, reserved 1048576K
}
Event: 213.639 GC heap before
{Heap before GC invocations=240 (full 17):
 PSYoungGen      total 55808K, used 14824K [0x00000000eab00000, 0x00000000f1200000, 0x0000000100000000)
  eden space 40960K, 0% used [0x00000000eab00000,0x00000000eab00000,0x00000000ed300000)
  from space 14848K, 99% used [0x00000000eee00000,0x00000000efc7a290,0x00000000efc80000)
  to   space 27648K, 0% used [0x00000000ed300000,0x00000000ed300000,0x00000000eee00000)
 ParOldGen       total 488960K, used 485202K [0x00000000c0000000, 0x00000000ddd80000, 0x00000000eab00000)
  object space 488960K, 99% used [0x00000000c0000000,0x00000000dd9d4bd0,0x00000000ddd80000)
 Metaspace       used 77816K, committed 79040K, reserved 1179648K
  class space    used 8123K, committed 8640K, reserved 1048576K
}

